16:47:18 **** Incremental Build of configuration Debug for project CMSISv2p00_LPC17xx ****
make -r all 
make: Nothing to be done for `all'.
16:47:19 **** Incremental Build of configuration Debug for project FreeRTOS_Library ****
make -r all 
make: Nothing to be done for `all'.
16:47:19 **** Incremental Build of configuration Debug for project Example01 ****
make -r all 
Building file: ../main.c
Invoking: MCU C Compiler
arm-none-eabi-gcc -DDEBUG -D__USE_CMSIS=CMSISv1p30_LPC17xx -D__CODE_RED -D__REDLIB__ -I"/Users/Carles/Documents/pfc/CMSISv2p00_LPC17xx/inc" -I"/Users/Carles/Documents/pfc/FreeRTOS_Library/demo_code" -I"/Users/Carles/Documents/pfc/FreeRTOS_Library/include" -I"/Users/Carles/Documents/pfc/FreeRTOS_Library/portable" -I"/Users/Carles/Documents/pfc/Example01/inc" -O1 -g3 -fsigned-char -c -fmessage-length=0 -fno-builtin -ffunction-sections -mcpu=cortex-m3 -mthumb -D__REDLIB__ -specs=redlib.specs -MMD -MP -MF"main.d" -MT"main.o" -MT"main.d" -o "main.o" "../main.c"
Finished building: ../main.c
 
Building target: Example01.axf
Invoking: MCU Linker
arm-none-eabi-gcc -nostdlib -L"/Users/Carles/Documents/pfc/CMSISv2p00_LPC17xx/Debug" -L"/Users/Carles/Documents/pfc/FreeRTOS_Library/Debug" -Xlinker --gc-sections -Xlinker -Map=Example01.map -mcpu=cortex-m3 -mthumb -T "Example01_0_Debug.ld" -o "Example01.axf"  ./cr_startup_lpc17.o ./log.o ./main.o ./printf.o ./uart.o   -lCMSISv2p00_LPC17xx -lFreeRTOS_Library
Finished building target: Example01.axf
 
make --no-print-directory post-build
Performing post-build steps
arm-none-eabi-size Example01.axf; # arm-none-eabi-objcopy -O ihex Example01.axf Example01.hex ;
   text	   data	    bss	    dec	    hex	filename
  19704	     28	  20552	  40284	   9d5c	Example01.axf
 
16:47:40 **** Incremental Build of configuration Debug for project Example01 ****
make -r all 
make: Nothing to be done for `all'.
